#
# There is insufficient memory for the Java Runtime Environment to continue.
# Native memory allocation (malloc) failed to allocate 334864 bytes for Chunk::new
# Possible reasons:
#   The system is out of physical RAM or swap space
#   In 32 bit mode, the process size limit was hit
# Possible solutions:
#   Reduce memory load on the system
#   Increase physical memory or swap space
#   Check if swap backing store is full
#   Use 64 bit Java on a 64 bit OS
#   Decrease Java heap size (-Xmx/-Xms)
#   Decrease number of Java threads
#   Decrease Java thread stack sizes (-Xss)
#   Set larger code cache with -XX:ReservedCodeCacheSize=
# This output file may be truncated or incomplete.
#
#  Out of Memory Error (allocation.cpp:390), pid=5480, tid=3468
#
# JRE version: Java(TM) SE Runtime Environment (8.0_77-b03) (build 1.8.0_77-b03)
# Java VM: Java HotSpot(TM) 64-Bit Server VM (25.77-b03 mixed mode windows-amd64 compressed oops)
# Failed to write core dump. Minidumps are not enabled by default on client versions of Windows
#

---------------  T H R E A D  ---------------

Current thread (0x0000000014fbd000):  JavaThread "C2 CompilerThread0" daemon [_thread_in_native, id=3468, stack(0x0000000015870000,0x0000000015970000)]

Stack: [0x0000000015870000,0x0000000015970000]
[error occurred during error reporting (printing stack bounds), id 0xc0000005]

Native frames: (J=compiled Java code, j=interpreted, Vv=VM code, C=native code)


Current CompileTask:
C2:  56525 10468       4       org.jacoco.agent.rt.internal_14f7ee5.asm.ClassWriter::toByteArray (1289 bytes)


---------------  P R O C E S S  ---------------

Java Threads: ( => current thread )
  0x000000001b628000 JavaThread "http-nio-8080-exec-1" daemon [_thread_in_Java, id=5368, stack(0x0000000021190000,0x0000000021290000)]
  0x000000001b62d000 JavaThread "Exec Stream Pumper" daemon [_thread_in_native, id=6920, stack(0x0000000020f90000,0x0000000021090000)]
  0x000000001b62b800 JavaThread "Exec Stream Pumper" daemon [_thread_in_native, id=7572, stack(0x0000000020e90000,0x0000000020f90000)]
  0x000000001b62e000 JavaThread "Exec Default Executor" daemon [_thread_in_native, id=4276, stack(0x0000000020d90000,0x0000000020e90000)]
  0x000000001b625000 JavaThread "http-nio-auto-1-Acceptor-0" daemon [_thread_in_native, id=4168, stack(0x0000000020690000,0x0000000020790000)]
  0x000000001b626800 JavaThread "http-nio-auto-1-ClientPoller-1" daemon [_thread_in_native, id=3696, stack(0x0000000020590000,0x0000000020690000)]
  0x000000001b62b000 JavaThread "http-nio-auto-1-ClientPoller-0" daemon [_thread_in_native, id=4604, stack(0x0000000020490000,0x0000000020590000)]
  0x000000001b62a000 JavaThread "NioBlockingSelector.BlockPoller-2" daemon [_thread_in_native, id=8820, stack(0x0000000020390000,0x0000000020490000)]
  0x000000001b629800 JavaThread "container-1" [_thread_blocked, id=7388, stack(0x0000000020290000,0x0000000020390000)]
  0x000000001b622000 JavaThread "ContainerBackgroundProcessor[StandardEngine[Tomcat-1].StandardHost[localhost].StandardContext[]]" daemon [_thread_blocked, id=5584, stack(0x0000000020190000,0x0000000020290000)]
  0x000000001b623800 JavaThread "http-nio-8080-Acceptor-0" daemon [_thread_in_native, id=7540, stack(0x000000001eae0000,0x000000001ebe0000)]
  0x000000001b625800 JavaThread "http-nio-8080-ClientPoller-1" daemon [_thread_in_native, id=3392, stack(0x000000001e9e0000,0x000000001eae0000)]
  0x000000001b620800 JavaThread "http-nio-8080-ClientPoller-0" daemon [_thread_in_native, id=6208, stack(0x000000001e8e0000,0x000000001e9e0000)]
  0x0000000016e75000 JavaThread "NioBlockingSelector.BlockPoller-1" daemon [_thread_in_native, id=4156, stack(0x000000001e7e0000,0x000000001e8e0000)]
  0x0000000016e73800 JavaThread "container-0" [_thread_blocked, id=908, stack(0x000000001e0e0000,0x000000001e1e0000)]
  0x0000000016e70800 JavaThread "ContainerBackgroundProcessor[StandardEngine[Tomcat].StandardHost[localhost].StandardContext[]]" daemon [_thread_blocked, id=7124, stack(0x000000001dfe0000,0x000000001e0e0000)]
  0x000000001893b800 JavaThread "Abandoned connection cleanup thread" daemon [_thread_blocked, id=7884, stack(0x000000001c7a0000,0x000000001c8a0000)]
  0x0000000018965000 JavaThread "Tomcat JDBC Pool Cleaner[414493378:1462394709808]" daemon [_thread_blocked, id=6872, stack(0x000000001b4b0000,0x000000001b5b0000)]
  0x0000000014eac800 JavaThread "Service Thread" daemon [_thread_blocked, id=2592, stack(0x0000000015cb0000,0x0000000015db0000)]
  0x0000000014eab800 JavaThread "C1 CompilerThread1" daemon [_thread_blocked, id=1696, stack(0x0000000015b50000,0x0000000015c50000)]
=>0x0000000014fbd000 JavaThread "C2 CompilerThread0" daemon [_thread_in_native, id=3468, stack(0x0000000015870000,0x0000000015970000)]
  0x000000001369a800 JavaThread "Attach Listener" daemon [_thread_blocked, id=4748, stack(0x00000000145e0000,0x00000000146e0000)]
  0x0000000013697800 JavaThread "Signal Dispatcher" daemon [_thread_blocked, id=7824, stack(0x00000000144e0000,0x00000000145e0000)]
  0x0000000013688800 JavaThread "Finalizer" daemon [_thread_blocked, id=8940, stack(0x00000000142e0000,0x00000000143e0000)]
  0x000000000255f000 JavaThread "Reference Handler" daemon [_thread_blocked, id=9040, stack(0x00000000141e0000,0x00000000142e0000)]
  0x000000000217e800 JavaThread "Forwarding get on session e51c440c-b7d0-4552-a531-ced83599a791 to remote" [_thread_in_native, id=8340, stack(0x0000000002180000,0x0000000002280000)]

Other Threads:
  0x0000000013667000 VMThread [stack: 0x00000000140e0000,0x00000000141e0000] [id=4636]
  0x0000000014ef6000 WatcherThread [stack: 0x0000000015eb0000,0x0000000015fb0000] [id=8312]

VM state:not at safepoint (normal execution)

VM Mutex/Monitor currently owned by a thread: None

Heap:
 PSYoungGen      total 147968K, used 54003K [0x00000000f5580000, 0x00000000ffd80000, 0x0000000100000000)
  eden space 126976K, 37% used [0x00000000f5580000,0x00000000f83fe048,0x00000000fd180000)
  from space 20992K, 30% used [0x00000000fe900000,0x00000000fef3ede0,0x00000000ffd80000)
  to   space 22528K, 0% used [0x00000000fd180000,0x00000000fd180000,0x00000000fe780000)
 ParOldGen       total 88064K, used 51509K [0x00000000e0000000, 0x00000000e5600000, 0x00000000f5580000)
  object space 88064K, 58% used [0x00000000e0000000,0x00000000e324d548,0x00000000e5600000)
 Metaspace       used 85291K, capacity 86210K, committed 86552K, reserved 1126400K
  class space    used 9746K, capacity 9925K, committed 10016K, reserved 1048576K

Card table byte_map: [0x0000000011930000,0x0000000011a40000] byte_map_base: 0x0000000011230000

Marking Bits: (ParMarkBitMap*) 0x000000005e220600
 Begin Bits: [0x0000000011c40000, 0x0000000012440000)
 End Bits:   [0x0000000012440000, 0x0000000012c40000)

Polling page: 0x00000000001f0000

CodeCache: size=245760Kb used=29321Kb max_used=29392Kb free=216438Kb
 bounds [0x0000000002570000, 0x0000000004250000, 0x0000000011570000]
 total_blobs=9014 nmethods=8200 adapters=726
 compilation: enabled

Compilation events (10 events):
Event: 56.311 Thread 0x0000000014eab800 nmethod 10463 0x0000000002b4f390 code [0x0000000002b4f500, 0x0000000002b4f6e8]
Event: 56.311 Thread 0x0000000014eab800 10464       3       org.apache.http.message.TokenParser::$jacocoInit (52 bytes)
Event: 56.312 Thread 0x0000000014eab800 nmethod 10464 0x0000000002b4f090 code [0x0000000002b4f1e0, 0x0000000002b4f330]
Event: 56.312 Thread 0x0000000014eab800 10465       3       com.google.gson.reflect.TypeToken::$jacocoInit (53 bytes)
Event: 56.313 Thread 0x0000000014eab800 nmethod 10465 0x0000000002b4ed90 code [0x0000000002b4eee0, 0x0000000002b4f030]
Event: 56.315 Thread 0x0000000014eab800 10466       3       org.apache.http.util.ByteArrayBuffer::$jacocoInit (52 bytes)
Event: 56.316 Thread 0x0000000014eab800 nmethod 10466 0x0000000002b4ea90 code [0x0000000002b4ebe0, 0x0000000002b4ed30]
Event: 56.346 Thread 0x0000000014eab800 10467       3       org.apache.tomcat.util.net.NioEndpoint::$jacocoInit (54 bytes)
Event: 56.346 Thread 0x0000000014eab800 nmethod 10467 0x0000000002b4e790 code [0x0000000002b4e8e0, 0x0000000002b4ea30]
Event: 56.441 Thread 0x0000000014fbd000 10468       4       org.jacoco.agent.rt.internal_14f7ee5.asm.ClassWriter::toByteArray (1289 bytes)

GC Heap History (10 events):
Event: 44.860 GC heap before
{Heap before GC invocations=34 (full 3):
 PSYoungGen      total 154112K, used 140386K [0x00000000f5580000, 0x0000000100000000, 0x0000000100000000)
  eden space 132608K, 100% used [0x00000000f5580000,0x00000000fd700000,0x00000000fd700000)
  from space 21504K, 36% used [0x00000000feb00000,0x00000000ff298a58,0x0000000100000000)
  to   space 20480K, 0% used [0x00000000fd700000,0x00000000fd700000,0x00000000feb00000)
 ParOldGen       total 61952K, used 49821K [0x00000000e0000000, 0x00000000e3c80000, 0x00000000f5580000)
  object space 61952K, 80% used [0x00000000e0000000,0x00000000e30a7588,0x00000000e3c80000)
 Metaspace       used 76773K, capacity 77652K, committed 77848K, reserved 1118208K
  class space    used 8767K, capacity 8936K, committed 8992K, reserved 1048576K
Event: 44.883 GC heap after
Heap after GC invocations=34 (full 3):
 PSYoungGen      total 153088K, used 20471K [0x00000000f5580000, 0x0000000100000000, 0x0000000100000000)
  eden space 132608K, 0% used [0x00000000f5580000,0x00000000f5580000,0x00000000fd700000)
  from space 20480K, 99% used [0x00000000fd700000,0x00000000feafdd80,0x00000000feb00000)
  to   space 21504K, 0% used [0x00000000feb00000,0x00000000feb00000,0x0000000100000000)
 ParOldGen       total 61952K, used 51432K [0x00000000e0000000, 0x00000000e3c80000, 0x00000000f5580000)
  object space 61952K, 83% used [0x00000000e0000000,0x00000000e323a1a0,0x00000000e3c80000)
 Metaspace       used 76773K, capacity 77652K, committed 77848K, reserved 1118208K
  class space    used 8767K, capacity 8936K, committed 8992K, reserved 1048576K
}
Event: 45.815 GC heap before
{Heap before GC invocations=35 (full 3):
 PSYoungGen      total 153088K, used 153079K [0x00000000f5580000, 0x0000000100000000, 0x0000000100000000)
  eden space 132608K, 100% used [0x00000000f5580000,0x00000000fd700000,0x00000000fd700000)
  from space 20480K, 99% used [0x00000000fd700000,0x00000000feafdd80,0x00000000feb00000)
  to   space 21504K, 0% used [0x00000000feb00000,0x00000000feb00000,0x0000000100000000)
 ParOldGen       total 61952K, used 51432K [0x00000000e0000000, 0x00000000e3c80000, 0x00000000f5580000)
  object space 61952K, 83% used [0x00000000e0000000,0x00000000e323a1a0,0x00000000e3c80000)
 Metaspace       used 76867K, capacity 77746K, committed 77848K, reserved 1118208K
  class space    used 8770K, capacity 8941K, committed 8992K, reserved 1048576K
Event: 45.832 GC heap after
Heap after GC invocations=35 (full 3):
 PSYoungGen      total 147968K, used 3932K [0x00000000f5580000, 0x0000000100000000, 0x0000000100000000)
  eden space 126464K, 0% used [0x00000000f5580000,0x00000000f5580000,0x00000000fd100000)
  from space 21504K, 18% used [0x00000000feb00000,0x00000000feed7298,0x0000000100000000)
  to   space 24064K, 0% used [0x00000000fd100000,0x00000000fd100000,0x00000000fe880000)
 ParOldGen       total 61952K, used 58154K [0x00000000e0000000, 0x00000000e3c80000, 0x00000000f5580000)
  object space 61952K, 93% used [0x00000000e0000000,0x00000000e38ca928,0x00000000e3c80000)
 Metaspace       used 76867K, capacity 77746K, committed 77848K, reserved 1118208K
  class space    used 8770K, capacity 8941K, committed 8992K, reserved 1048576K
}
Event: 45.832 GC heap before
{Heap before GC invocations=36 (full 4):
 PSYoungGen      total 147968K, used 3932K [0x00000000f5580000, 0x0000000100000000, 0x0000000100000000)
  eden space 126464K, 0% used [0x00000000f5580000,0x00000000f5580000,0x00000000fd100000)
  from space 21504K, 18% used [0x00000000feb00000,0x00000000feed7298,0x0000000100000000)
  to   space 24064K, 0% used [0x00000000fd100000,0x00000000fd100000,0x00000000fe880000)
 ParOldGen       total 61952K, used 58154K [0x00000000e0000000, 0x00000000e3c80000, 0x00000000f5580000)
  object space 61952K, 93% used [0x00000000e0000000,0x00000000e38ca928,0x00000000e3c80000)
 Metaspace       used 76867K, capacity 77746K, committed 77848K, reserved 1118208K
  class space    used 8770K, capacity 8941K, committed 8992K, reserved 1048576K
Event: 46.117 GC heap after
Heap after GC invocations=36 (full 4):
 PSYoungGen      total 147968K, used 0K [0x00000000f5580000, 0x0000000100000000, 0x0000000100000000)
  eden space 126464K, 0% used [0x00000000f5580000,0x00000000f5580000,0x00000000fd100000)
  from space 21504K, 0% used [0x00000000feb00000,0x00000000feb00000,0x0000000100000000)
  to   space 24064K, 0% used [0x00000000fd100000,0x00000000fd100000,0x00000000fe880000)
 ParOldGen       total 88064K, used 48042K [0x00000000e0000000, 0x00000000e5600000, 0x00000000f5580000)
  object space 88064K, 54% used [0x00000000e0000000,0x00000000e2eeab68,0x00000000e5600000)
 Metaspace       used 76867K, capacity 77746K, committed 77848K, reserved 1118208K
  class space    used 8770K, capacity 8941K, committed 8992K, reserved 1048576K
}
Event: 47.326 GC heap before
{Heap before GC invocations=37 (full 4):
 PSYoungGen      total 147968K, used 126464K [0x00000000f5580000, 0x0000000100000000, 0x0000000100000000)
  eden space 126464K, 100% used [0x00000000f5580000,0x00000000fd100000,0x00000000fd100000)
  from space 21504K, 0% used [0x00000000feb00000,0x00000000feb00000,0x0000000100000000)
  to   space 24064K, 0% used [0x00000000fd100000,0x00000000fd100000,0x00000000fe880000)
 ParOldGen       total 88064K, used 48042K [0x00000000e0000000, 0x00000000e5600000, 0x00000000f5580000)
  object space 88064K, 54% used [0x00000000e0000000,0x00000000e2eeab68,0x00000000e5600000)
 Metaspace       used 78160K, capacity 79070K, committed 79256K, reserved 1120256K
  class space    used 8886K, capacity 9039K, committed 9120K, reserved 1048576K
Event: 47.346 GC heap after
Heap after GC invocations=37 (full 4):
 PSYoungGen      total 150528K, used 4639K [0x00000000f5580000, 0x0000000100000000, 0x0000000100000000)
  eden space 126464K, 0% used [0x00000000f5580000,0x00000000f5580000,0x00000000fd100000)
  from space 24064K, 19% used [0x00000000fd100000,0x00000000fd587f00,0x00000000fe880000)
  to   space 23552K, 0% used [0x00000000fe900000,0x00000000fe900000,0x0000000100000000)
 ParOldGen       total 88064K, used 48042K [0x00000000e0000000, 0x00000000e5600000, 0x00000000f5580000)
  object space 88064K, 54% used [0x00000000e0000000,0x00000000e2eeab68,0x00000000e5600000)
 Metaspace       used 78160K, capacity 79070K, committed 79256K, reserved 1120256K
  class space    used 8886K, capacity 9039K, committed 9120K, reserved 1048576K
}
Event: 55.243 GC heap before
{Heap before GC invocations=38 (full 4):
 PSYoungGen      total 150528K, used 131103K [0x00000000f5580000, 0x0000000100000000, 0x0000000100000000)
  eden space 126464K, 100% used [0x00000000f5580000,0x00000000fd100000,0x00000000fd100000)
  from space 24064K, 19% used [0x00000000fd100000,0x00000000fd587f00,0x00000000fe880000)
  to   space 23552K, 0% used [0x00000000fe900000,0x00000000fe900000,0x0000000100000000)
 ParOldGen       total 88064K, used 48042K [0x00000000e0000000, 0x00000000e5600000, 0x00000000f5580000)
  object space 88064K, 54% used [0x00000000e0000000,0x00000000e2eeab68,0x00000000e5600000)
 Metaspace       used 83723K, capacity 84674K, committed 84760K, reserved 1124352K
  class space    used 9549K, capacity 9733K, committed 9760K, reserved 1048576K
Event: 55.267 GC heap after
Heap after GC invocations=38 (full 4):
 PSYoungGen      total 147968K, used 6395K [0x00000000f5580000, 0x00000000ffd80000, 0x0000000100000000)
  eden space 126976K, 0% used [0x00000000f5580000,0x00000000f5580000,0x00000000fd180000)
  from space 20992K, 30% used [0x00000000fe900000,0x00000000fef3ede0,0x00000000ffd80000)
  to   space 22528K, 0% used [0x00000000fd180000,0x00000000fd180000,0x00000000fe780000)
 ParOldGen       total 88064K, used 51509K [0x00000000e0000000, 0x00000000e5600000, 0x00000000f5580000)
  object space 88064K, 58% used [0x00000000e0000000,0x00000000e324d548,0x00000000e5600000)
 Metaspace       used 83723K, capacity 84674K, committed 84760K, reserved 1124352K
  class space    used 9549K, capacity 9733K, committed 9760K, reserved 1048576K
}

Deoptimization events (10 events):
Event: 49.645 Thread 0x000000000217e800 Uncommon trap: reason=unloaded action=reinterpret pc=0x0000000003959158 method=com.sun.org.apache.xerces.internal.dom.DeferredDocumentImpl.getNodeObject(I)Lcom/sun/org/apache/xerces/internal/dom/DeferredNode; @ 205
Event: 50.151 Thread 0x000000000217e800 Uncommon trap: reason=class_check action=maybe_recompile pc=0x0000000002f55ca8 method=java.lang.AbstractStringBuilder.append(Ljava/lang/CharSequence;II)Ljava/lang/AbstractStringBuilder; @ 18
Event: 50.151 Thread 0x000000000217e800 Uncommon trap: reason=class_check action=maybe_recompile pc=0x0000000002f55ca8 method=java.lang.AbstractStringBuilder.append(Ljava/lang/CharSequence;II)Ljava/lang/AbstractStringBuilder; @ 18
Event: 50.255 Thread 0x000000000217e800 Uncommon trap: reason=unstable_if action=reinterpret pc=0x0000000003496d64 method=java.security.CodeSource.getCertificates()[Ljava/security/cert/Certificate; @ 22
Event: 50.258 Thread 0x000000000217e800 Uncommon trap: reason=unstable_if action=reinterpret pc=0x00000000038f76c0 method=java.security.CodeSource.matchCerts(Ljava/security/CodeSource;Z)Z @ 11
Event: 50.439 Thread 0x000000000217e800 Uncommon trap: reason=unstable_if action=reinterpret pc=0x0000000003102664 method=sun.nio.cs.UTF_8$Decoder.decodeArrayLoop(Ljava/nio/ByteBuffer;Ljava/nio/CharBuffer;)Ljava/nio/charset/CoderResult; @ 280
Event: 50.797 Thread 0x000000000217e800 Uncommon trap: reason=unstable_if action=reinterpret pc=0x00000000026f4490 method=java.lang.String.replace(CC)Ljava/lang/String; @ 2
Event: 51.503 Thread 0x000000001b62b800 Uncommon trap: reason=unstable_if action=reinterpret pc=0x00000000030e7a94 method=org.openqa.selenium.io.CircularOutputStream.write(I)V @ 13
Event: 51.527 Thread 0x000000001b62b800 Uncommon trap: reason=unstable_if action=reinterpret pc=0x0000000002fafc24 method=org.openqa.selenium.io.CircularOutputStream.write(I)V @ 85
Event: 55.569 Thread 0x000000000217e800 Uncommon trap: reason=unstable_if action=reinterpret pc=0x0000000002b52658 method=java.net.URLStreamHandler.toExternalForm(Ljava/net/URL;)Ljava/lang/String; @ 24

Internal exceptions (10 events):
Event: 48.063 Thread 0x000000000217e800 Exception <a 'java/lang/ClassNotFoundException': org/springframework/context/event/EventListenerMethodProcessorCustomizer> (0x00000000f7375c70) thrown at [D:\re\workspace\8-2-build-windows-amd64-cygwin\jdk8u77\6540\hotspot\src\share\vm\classfile\systemDictˆb—M%H@
Event: 48.064 Thread 0x000000000217e800 Exception <a 'java/lang/ClassNotFoundException': java/lang/ObjectCustomizer> (0x00000000f7389758) thrown at [D:\re\workspace\8-2-build-windows-amd64-cygwin\jdk8u77\6540\hotspot\src\share\vm\classfile\systemDictionary.cpp, line 210]
Event: 48.064 Thread 0x000000000217e800 Exception <a 'java/lang/ClassNotFoundException': org/springframework/context/event/DefaultEventListenerFactoryCustomizer> (0x00000000f73bc700) thrown at [D:\re\workspace\8-2-build-windows-amd64-cygwin\jdk8u77\6540\hotspot\src\share\vm\classfile\systemDictic»Ö9aH@
Event: 48.065 Thread 0x000000000217e800 Exception <a 'java/lang/ClassNotFoundException': java/lang/ObjectCustomizer> (0x00000000f73d29f8) thrown at [D:\re\workspace\8-2-build-windows-amd64-cygwin\jdk8u77\6540\hotspot\src\share\vm\classfile\systemDictionary.cpp, line 210]
Event: 48.066 Thread 0x000000000217e800 Exception <a 'java/lang/ClassNotFoundException': cucumber/api/cli/MainCustomizer> (0x00000000f73f1b20) thrown at [D:\re\workspace\8-2-build-windows-amd64-cygwin\jdk8u77\6540\hotspot\src\share\vm\classfile\systemDictionary.cpp, line 210]
Event: 48.071 Thread 0x000000000217e800 Exception <a 'java/lang/ClassNotFoundException': java/lang/ObjectCustomizer> (0x00000000f748e860) thrown at [D:\re\workspace\8-2-build-windows-amd64-cygwin\jdk8u77\6540\hotspot\src\share\vm\classfile\systemDictionary.cpp, line 210]
Event: 48.071 Thread 0x000000000217e800 Exception <a 'java/lang/ClassNotFoundException': es/uniovi/asw/SeleniumTestCustomizer> (0x00000000f74b03b8) thrown at [D:\re\workspace\8-2-build-windows-amd64-cygwin\jdk8u77\6540\hotspot\src\share\vm\classfile\systemDictionary.cpp, line 210]
Event: 51.872 Thread 0x000000000217e800 Exception <a 'java/net/ConnectException': Connection refused: connect> (0x00000000fcc6a328) thrown at [D:\re\workspace\8-2-build-windows-amd64-cygwin\jdk8u77\6540\hotspot\src\share\vm\prims\jni.cpp, line 735]
Event: 52.975 Thread 0x000000000217e800 Exception <a 'java/net/ConnectException': Connection refused: connect> (0x00000000fcc6b970) thrown at [D:\re\workspace\8-2-build-windows-amd64-cygwin\jdk8u77\6540\hotspot\src\share\vm\prims\jni.cpp, line 735]
Event: 54.076 Thread 0x000000000217e800 Exception <a 'java/net/ConnectException': Connection refused: connect> (0x00000000fcc6cfb8) thrown at [D:\re\workspace\8-2-build-windows-amd64-cygwin\jdk8u77\6540\hotspot\src\share\vm\prims\jni.cpp, line 735]

Events (10 events):
Event: 56.506 loading class org/apache/catalina/connector/Request$6
Event: 56.506 loading class org/apache/catalina/connector/Request$6 done
Event: 56.507 loading class org/apache/catalina/connector/Request$7
Event: 56.507 loading class org/apache/catalina/connector/Request$7 done
Event: 56.510 loading class org/apache/catalina/connector/Request$8
Event: 56.510 loading class org/apache/catalina/connector/Request$8 done
Event: 56.512 loading class org/apache/catalina/connector/Request$9
Event: 56.512 loading class org/apache/catalina/connector/Request$9 done
Event: 56.514 loading class org/apache/catalina/connector/InputBuffer
Event: 56.514 loading class org/apache/catalina/connector/InputBuffer done


Dynamic libraries:
0x00007ff6d7300000 - 0x00007ff6d7337000 	C:\Program Files\Java\jdk1.8.0_77\jre\bin\java.exe
0x00007ffe17c20000 - 0x00007ffe17de1000 	C:\Windows\SYSTEM32\ntdll.dll
0x00007ffe17290000 - 0x00007ffe1733d000 	C:\Windows\system32\KERNEL32.DLL
0x00007ffe14cf0000 - 0x00007ffe14ed8000 	C:\Windows\system32\KERNELBASE.dll
0x00007ffe167d0000 - 0x00007ffe16877000 	C:\Windows\system32\ADVAPI32.dll
0x00007ffe16730000 - 0x00007ffe167cd000 	C:\Windows\system32\msvcrt.dll
0x00007ffe15170000 - 0x00007ffe151cb000 	C:\Windows\system32\sechost.dll
0x00007ffe17090000 - 0x00007ffe171ac000 	C:\Windows\system32\RPCRT4.dll
0x00007ffe177d0000 - 0x00007ffe17926000 	C:\Windows\system32\USER32.dll
0x00007ffe16ef0000 - 0x00007ffe17076000 	C:\Windows\system32\GDI32.dll
0x00007ffe0ae60000 - 0x00007ffe0b0d4000 	C:\Windows\WinSxS\amd64_microsoft.windows.common-controls_6595b64144ccf1df_6.0.10586.0_none_8c15ae12515e1c22\COMCTL32.dll
0x00007ffe16990000 - 0x00007ffe16c0d000 	C:\Windows\system32\combase.dll
0x00007ffe14f00000 - 0x00007ffe14f6a000 	C:\Windows\system32\bcryptPrimitives.dll
0x00007ffe16cf0000 - 0x00007ffe16d2b000 	C:\Windows\system32\IMM32.DLL
0x000000005e2a0000 - 0x000000005e372000 	C:\Program Files\Java\jdk1.8.0_77\jre\bin\msvcr100.dll
0x000000005da10000 - 0x000000005e2a0000 	C:\Program Files\Java\jdk1.8.0_77\jre\bin\server\jvm.dll
0x00007ffe17950000 - 0x00007ffe17958000 	C:\Windows\system32\PSAPI.DLL
0x00007ffdff940000 - 0x00007ffdff949000 	C:\Windows\SYSTEM32\WSOCK32.dll
0x00007ffe12210000 - 0x00007ffe12233000 	C:\Windows\SYSTEM32\WINMM.dll
0x00007ffe16c10000 - 0x00007ffe16c7b000 	C:\Windows\system32\WS2_32.dll
0x00007ffe12e80000 - 0x00007ffe12e8a000 	C:\Windows\SYSTEM32\VERSION.dll
0x00007ffe121b0000 - 0x00007ffe121dc000 	C:\Windows\SYSTEM32\WINMMBASE.dll
0x00007ffe14f70000 - 0x00007ffe14fb3000 	C:\Windows\system32\cfgmgr32.dll
0x000000005da00000 - 0x000000005da0f000 	C:\Program Files\Java\jdk1.8.0_77\jre\bin\verify.dll
0x000000005d9d0000 - 0x000000005d9f9000 	C:\Program Files\Java\jdk1.8.0_77\jre\bin\java.dll
0x000000005d910000 - 0x000000005d933000 	C:\Program Files\Java\jdk1.8.0_77\jre\bin\instrument.dll
0x000000005d9b0000 - 0x000000005d9c6000 	C:\Program Files\Java\jdk1.8.0_77\jre\bin\zip.dll
0x00007ffe151d0000 - 0x00007ffe1672c000 	C:\Windows\system32\SHELL32.dll
0x00007ffe146a0000 - 0x00007ffe14ce5000 	C:\Windows\system32\windows.storage.dll
0x00007ffe17340000 - 0x00007ffe17392000 	C:\Windows\system32\shlwapi.dll
0x00007ffe142c0000 - 0x00007ffe142cf000 	C:\Windows\system32\kernel.appcore.dll
0x00007ffe14380000 - 0x00007ffe14435000 	C:\Windows\system32\shcore.dll
0x00007ffe14240000 - 0x00007ffe1428b000 	C:\Windows\system32\powrprof.dll
0x00007ffe142a0000 - 0x00007ffe142b4000 	C:\Windows\system32\profapi.dll
0x000000005d990000 - 0x000000005d9aa000 	C:\Program Files\Java\jdk1.8.0_77\jre\bin\net.dll
0x0000000180000000 - 0x000000018006d000 	C:\Windows\system32\LavasoftTcpService64.dll
0x00007ffe15020000 - 0x00007ffe15163000 	C:\Windows\system32\ole32.dll
0x00007ffe13b10000 - 0x00007ffe13b6c000 	C:\Windows\SYSTEM32\MSWSOCK.dll
0x00007ffe171c0000 - 0x00007ffe17281000 	C:\Windows\system32\OLEAUT32.dll
0x00007ffe12e90000 - 0x00007ffe12ec8000 	C:\Windows\SYSTEM32\IPHLPAPI.DLL
0x00007ffe13ec0000 - 0x00007ffe13eed000 	C:\Windows\SYSTEM32\SspiCli.dll
0x00007ffe129f0000 - 0x00007ffe12a86000 	C:\Windows\system32\uxtheme.dll
0x00007ffe05d80000 - 0x00007ffe05d96000 	C:\Windows\system32\napinsp.dll
0x00007ffe05d60000 - 0x00007ffe05d7a000 	C:\Windows\system32\pnrpnsp.dll
0x00007ffe110d0000 - 0x00007ffe110e8000 	C:\Windows\system32\NLAapi.dll
0x00007ffe12910000 - 0x00007ffe129ba000 	C:\Windows\SYSTEM32\DNSAPI.dll
0x00007ffe17080000 - 0x00007ffe17088000 	C:\Windows\system32\NSI.dll
0x00007ffe05d50000 - 0x00007ffe05d5d000 	C:\Windows\System32\winrnr.dll
0x00007ffe04220000 - 0x00007ffe04235000 	C:\Windows\System32\wshbth.dll
0x00007ffe0a920000 - 0x00007ffe0a92a000 	C:\Windows\System32\rasadhlp.dll
0x00007ffe0db30000 - 0x00007ffe0db97000 	C:\Windows\System32\fwpuclnt.dll
0x00007ffe14170000 - 0x00007ffe14199000 	C:\Windows\SYSTEM32\bcrypt.dll
0x000000005d970000 - 0x000000005d981000 	C:\Program Files\Java\jdk1.8.0_77\jre\bin\nio.dll
0x00007ffe16880000 - 0x00007ffe16927000 	C:\Windows\system32\clbcatq.dll
0x00007ffe14070000 - 0x00007ffe14109000 	C:\Windows\SYSTEM32\sxs.dll
0x000000005d900000 - 0x000000005d90d000 	C:\Program Files\Java\jdk1.8.0_77\jre\bin\management.dll
0x00007ffe13bc0000 - 0x00007ffe13bd7000 	C:\Windows\SYSTEM32\CRYPTSP.dll
0x00007ffe13850000 - 0x00007ffe13884000 	C:\Windows\system32\rsaenh.dll
0x00007ffe139a0000 - 0x00007ffe139bf000 	C:\Windows\SYSTEM32\USERENV.dll
0x00007ffe13ce0000 - 0x00007ffe13ceb000 	C:\Windows\SYSTEM32\CRYPTBASE.dll
0x00007ffe0e190000 - 0x00007ffe0e1a6000 	C:\Windows\SYSTEM32\dhcpcsvc6.DLL
0x00007ffe0dfb0000 - 0x00007ffe0dfca000 	C:\Windows\SYSTEM32\dhcpcsvc.DLL
0x000000005d940000 - 0x000000005d964000 	C:\Program Files\Java\jdk1.8.0_77\jre\bin\sunec.dll

VM Arguments:
jvm_args: -javaagent:C:\\Users\\Lucas García\\.m2\\repository\\org\\jacoco\\org.jacoco.agent\\0.7.6.201602180812\\org.jacoco.agent-0.7.6.201602180812-runtime.jar=destfile=C:\\Users\\Lucas García\\Desktop\\DEMO\\Voting_4a\\VoteCounting_4a\\target\\jacoco.exec 
java_command: C:\Users\Lucas García\Desktop\DEMO\Voting_4a\VoteCounting_4a\target\surefire\surefirebooter7304811696534155556.jar C:\Users\Lucas García\Desktop\DEMO\Voting_4a\VoteCounting_4a\target\surefire\surefire8310490142520662810tmp C:\Users\Lucas García\Desktop\DEMO\Voting_4a\VoteCounting_4a\target\surefire\surefire_07068806370236118668tmp
java_class_path (initial): C:\Users\Lucas García\Desktop\DEMO\Voting_4a\VoteCounting_4a\target\surefire\surefirebooter7304811696534155556.jar;C:\\Users\\Lucas García\\.m2\\repository\\org\\jacoco\\org.jacoco.agent\\0.7.6.201602180812\\org.jacoco.agent-0.7.6.201602180812-runtime.jar
Launcher Type: SUN_STANDARD

Environment Variables:
JAVA_HOME=C:\Program Files\Java\jdk1.8.0_77
PATH=C:\Program Files (x86)\Parallels\Parallels Tools\Applications;C:\ProgramData\Oracle\Java\javapath;C:\Program Files (x86)\Intel\iCLS Client\;C:\Program Files\Intel\iCLS Client\;C:\Windows\system32;C:\Windows;C:\Windows\System32\Wbem;C:\Windows\System32\WindowsPowerShell\v1.0\;C:\Program Files\Intel\Intel(R) Management Engine Components\DAL;C:\Program Files (x86)\Intel\Intel(R) Management Engine Components\DAL;C:\Program Files\Intel\Intel(R) Management Engine Components\IPT;C:\Program Files (x86)\Intel\Intel(R) Management Engine Components\IPT;C:\Program Files\Java\jdk1.8.0_77\bin;C:\Program Files\Java\apache-maven-3.3.9\bin;C:\Program Files\Git\cmd
USERNAME=Lucas García
OS=Windows_NT
PROCESSOR_IDENTIFIER=Intel64 Family 6 Model 58 Stepping 9, GenuineIntel



---------------  S Y S T E M  ---------------

OS: Windows 10.0 , 64 bit Build 10586 (10.0.10586.0)

CPU:total 2 (2 cores per cpu, 1 threads per core) family 6 model 58 stepping 9, cmov, cx8, fxsr, mmx, sse, sse2, sse3, ssse3, sse4.1, sse4.2, popcnt, avx, aes, clmul, erms, tsc

Memory: 4k page, physical 2096676k(149892k free), swap 3954860k(3328k free)

vm_info: Java HotSpot(TM) 64-Bit Server VM (25.77-b03) for windows-amd64 JRE (1.8.0_77-b03), built on Mar 20 2016 22:01:33 by "java_re" with MS VC++ 10.0 (VS2010)

time: Wed May 04 22:45:41 2016
elapsed time: 56 seconds (0d 0h 0m 56s)

