#
# There is insufficient memory for the Java Runtime Environment to continue.
# Native memory allocation (malloc) failed to allocate 658736 bytes for Chunk::new
# Possible reasons:
#   The system is out of physical RAM or swap space
#   In 32 bit mode, the process size limit was hit
# Possible solutions:
#   Reduce memory load on the system
#   Increase physical memory or swap space
#   Check if swap backing store is full
#   Use 64 bit Java on a 64 bit OS
#   Decrease Java heap size (-Xmx/-Xms)
#   Decrease number of Java threads
#   Decrease Java thread stack sizes (-Xss)
#   Set larger code cache with -XX:ReservedCodeCacheSize=
# This output file may be truncated or incomplete.
#
#  Out of Memory Error (allocation.cpp:390), pid=4612, tid=7372
#
# JRE version: Java(TM) SE Runtime Environment (8.0_91-b14) (build 1.8.0_91-b14)
# Java VM: Java HotSpot(TM) 64-Bit Server VM (25.91-b14 mixed mode windows-amd64 compressed oops)
# Failed to write core dump. Minidumps are not enabled by default on client versions of Windows
#

---------------  T H R E A D  ---------------

Current thread (0x0000000013502800):  JavaThread "C2 CompilerThread0" daemon [_thread_in_native, id=7372, stack(0x0000000014530000,0x0000000014630000)]

Stack: [0x0000000014530000,0x0000000014630000]
[error occurred during error reporting (printing stack bounds), id 0xc0000005]

Native frames: (J=compiled Java code, j=interpreted, Vv=VM code, C=native code)


Current CompileTask:
C2:  16732 4871       4       sun.net.www.protocol.jar.Handler::parseURL (201 bytes)


---------------  P R O C E S S  ---------------

Java Threads: ( => current thread )
  0x0000000018b7c800 JavaThread "Abandoned connection cleanup thread" daemon [_thread_blocked, id=5416, stack(0x000000001bd00000,0x000000001be00000)]
  0x0000000018b7b800 JavaThread "Tomcat JDBC Pool Cleaner[1984697014:1462408145816]" daemon [_thread_blocked, id=5012, stack(0x000000001b930000,0x000000001ba30000)]
  0x0000000018b7b000 JavaThread "container-0" [_thread_blocked, id=7592, stack(0x000000001b630000,0x000000001b730000)]
  0x0000000018b7a000 JavaThread "ContainerBackgroundProcessor[StandardEngine[Tomcat].StandardHost[localhost].StandardContext[]]" daemon [_thread_blocked, id=7748, stack(0x000000001b530000,0x000000001b630000)]
  0x00000000188ff800 JavaThread "localhost-startStop-1" daemon [_thread_blocked, id=7840, stack(0x000000001ac30000,0x000000001ad30000)]
  0x0000000019b85800 JavaThread "Tomcat-startStop-1" daemon [_thread_blocked, id=5232, stack(0x000000001a890000,0x000000001a990000)]
  0x000000001653e800 JavaThread "restartedMain" [_thread_in_vm, id=6836, stack(0x0000000017740000,0x0000000017840000)]
  0x0000000016584800 JavaThread "Thread-1" [_thread_blocked, id=340, stack(0x0000000017640000,0x0000000017740000)]
  0x000000001593e000 JavaThread "RMI TCP Accept-0" daemon [_thread_in_native, id=9172, stack(0x0000000016170000,0x0000000016270000)]
  0x00000000159ef000 JavaThread "RMI TCP Accept-54528" daemon [_thread_in_native, id=3976, stack(0x0000000016070000,0x0000000016170000)]
  0x00000000159e6800 JavaThread "RMI TCP Accept-0" daemon [_thread_in_native, id=8172, stack(0x0000000015f70000,0x0000000016070000)]
  0x0000000013573000 JavaThread "Service Thread" daemon [_thread_blocked, id=2700, stack(0x0000000014730000,0x0000000014830000)]
  0x0000000013508800 JavaThread "C1 CompilerThread1" daemon [_thread_blocked, id=1788, stack(0x0000000014630000,0x0000000014730000)]
=>0x0000000013502800 JavaThread "C2 CompilerThread0" daemon [_thread_in_native, id=7372, stack(0x0000000014530000,0x0000000014630000)]
  0x0000000013500800 JavaThread "Attach Listener" daemon [_thread_blocked, id=3876, stack(0x0000000014430000,0x0000000014530000)]
  0x00000000134fd000 JavaThread "Signal Dispatcher" daemon [_thread_blocked, id=1908, stack(0x0000000014330000,0x0000000014430000)]
  0x00000000134e8800 JavaThread "Finalizer" daemon [_thread_blocked, id=3320, stack(0x0000000014130000,0x0000000014230000)]
  0x0000000002314800 JavaThread "Reference Handler" daemon [_thread_blocked, id=6676, stack(0x0000000014030000,0x0000000014130000)]
  0x000000000221e800 JavaThread "main" [_thread_blocked, id=8896, stack(0x00000000020d0000,0x00000000021d0000)]

Other Threads:
  0x00000000134c7800 VMThread [stack: 0x0000000013f30000,0x0000000014030000] [id=3820]
  0x0000000015944800 WatcherThread [stack: 0x0000000016270000,0x0000000016370000] [id=8260]

VM state:not at safepoint (normal execution)

VM Mutex/Monitor currently owned by a thread: None

Heap:
 PSYoungGen      total 150528K, used 87020K [0x00000000f5580000, 0x0000000100000000, 0x0000000100000000)
  eden space 140800K, 61% used [0x00000000f5580000,0x00000000faa7b2c8,0x00000000fdf00000)
  from space 9728K, 0% used [0x00000000ff680000,0x00000000ff680000,0x0000000100000000)
  to   space 16896K, 0% used [0x00000000fdf00000,0x00000000fdf00000,0x00000000fef80000)
 ParOldGen       total 34304K, used 34063K [0x00000000e0000000, 0x00000000e2180000, 0x00000000f5580000)
  object space 34304K, 99% used [0x00000000e0000000,0x00000000e2143df8,0x00000000e2180000)
 Metaspace       used 47702K, capacity 48186K, committed 48512K, reserved 1091584K
  class space    used 6127K, capacity 6259K, committed 6272K, reserved 1048576K

Card table byte_map: [0x00000000116e0000,0x00000000117f0000] byte_map_base: 0x0000000010fe0000

Marking Bits: (ParMarkBitMap*) 0x0000000061372f70
 Begin Bits: [0x0000000011aa0000, 0x00000000122a0000)
 End Bits:   [0x00000000122a0000, 0x0000000012aa0000)

Polling page: 0x00000000004c0000

CodeCache: size=245760Kb used=14137Kb max_used=14329Kb free=231622Kb
 bounds [0x0000000002320000, 0x0000000003140000, 0x0000000011320000]
 total_blobs=4524 nmethods=4021 adapters=416
 compilation: enabled

Compilation events (10 events):
Event: 16.634 Thread 0x0000000013502800 nmethod 4866 0x0000000002fd9b90 code [0x0000000002fd9ce0, 0x0000000002fd9e18]
Event: 16.639 Thread 0x0000000013502800 4867       4       sun.misc.Resource::getByteBuffer (24 bytes)
Event: 16.653 Thread 0x0000000013502800 nmethod 4867 0x0000000002eac090 code [0x0000000002eac260, 0x0000000002eacf80]
Event: 16.667 Thread 0x0000000013502800 4868  s    4       java.io.ByteArrayOutputStream::write (32 bytes)
Event: 16.671 Thread 0x0000000013502800 nmethod 4868 0x0000000002579b10 code [0x0000000002579c60, 0x000000000257a1c8]
Event: 16.672 Thread 0x0000000013502800 4869       4       java.io.ByteArrayOutputStream::ensureCapacity (16 bytes)
Event: 16.674 Thread 0x0000000013502800 nmethod 4869 0x0000000002fd7c50 code [0x0000000002fd7da0, 0x0000000002fd8028]
Event: 16.675 Thread 0x0000000013502800 4870  s    4       java.io.ByteArrayOutputStream::write (66 bytes)
Event: 16.680 Thread 0x0000000013502800 nmethod 4870 0x0000000002ea9610 code [0x0000000002ea9780, 0x0000000002ea9e88]
Event: 16.695 Thread 0x0000000013502800 4871       4       sun.net.www.protocol.jar.Handler::parseURL (201 bytes)

GC Heap History (10 events):
Event: 9.748 GC heap before
{Heap before GC invocations=15 (full 1):
 PSYoungGen      total 134144K, used 134135K [0x00000000f5580000, 0x0000000100000000, 0x0000000100000000)
  eden space 126464K, 100% used [0x00000000f5580000,0x00000000fd100000,0x00000000fd100000)
  from space 7680K, 99% used [0x00000000fd100000,0x00000000fd87dee0,0x00000000fd880000)
  to   space 9728K, 0% used [0x00000000ff680000,0x00000000ff680000,0x0000000100000000)
 ParOldGen       total 29696K, used 17317K [0x00000000e0000000, 0x00000000e1d00000, 0x00000000f5580000)
  object space 29696K, 58% used [0x00000000e0000000,0x00000000e10e9510,0x00000000e1d00000)
 Metaspace       used 29902K, capacity 30254K, committed 30464K, reserved 1075200K
  class space    used 3716K, capacity 3812K, committed 3840K, reserved 1048576K
Event: 9.782 GC heap after
Heap after GC invocations=15 (full 1):
 PSYoungGen      total 150528K, used 9705K [0x00000000f5580000, 0x0000000100000000, 0x0000000100000000)
  eden space 140800K, 0% used [0x00000000f5580000,0x00000000f5580000,0x00000000fdf00000)
  from space 9728K, 99% used [0x00000000ff680000,0x00000000ffffa6e8,0x0000000100000000)
  to   space 16896K, 0% used [0x00000000fdf00000,0x00000000fdf00000,0x00000000fef80000)
 ParOldGen       total 34304K, used 33905K [0x00000000e0000000, 0x00000000e2180000, 0x00000000f5580000)
  object space 34304K, 98% used [0x00000000e0000000,0x00000000e211c6c8,0x00000000e2180000)
 Metaspace       used 29902K, capacity 30254K, committed 30464K, reserved 1075200K
  class space    used 3716K, capacity 3812K, committed 3840K, reserved 1048576K
}
Event: 9.782 GC heap before
{Heap before GC invocations=16 (full 2):
 PSYoungGen      total 150528K, used 9705K [0x00000000f5580000, 0x0000000100000000, 0x0000000100000000)
  eden space 140800K, 0% used [0x00000000f5580000,0x00000000f5580000,0x00000000fdf00000)
  from space 9728K, 99% used [0x00000000ff680000,0x00000000ffffa6e8,0x0000000100000000)
  to   space 16896K, 0% used [0x00000000fdf00000,0x00000000fdf00000,0x00000000fef80000)
 ParOldGen       total 34304K, used 33905K [0x00000000e0000000, 0x00000000e2180000, 0x00000000f5580000)
  object space 34304K, 98% used [0x00000000e0000000,0x00000000e211c6c8,0x00000000e2180000)
 Metaspace       used 29902K, capacity 30254K, committed 30464K, reserved 1075200K
  class space    used 3716K, capacity 3812K, committed 3840K, reserved 1048576K
Event: 9.948 GC heap after
Heap after GC invocations=16 (full 2):
 PSYoungGen      total 150528K, used 3035K [0x00000000f5580000, 0x0000000100000000, 0x0000000100000000)
  eden space 140800K, 0% used [0x00000000f5580000,0x00000000f5580000,0x00000000fdf00000)
  from space 9728K, 31% used [0x00000000ff680000,0x00000000ff976cb8,0x0000000100000000)
  to   space 16896K, 0% used [0x00000000fdf00000,0x00000000fdf00000,0x00000000fef80000)
 ParOldGen       total 34304K, used 34112K [0x00000000e0000000, 0x00000000e2180000, 0x00000000f5580000)
  object space 34304K, 99% used [0x00000000e0000000,0x00000000e2150178,0x00000000e2180000)
 Metaspace       used 29902K, capacity 30254K, committed 30464K, reserved 1075200K
  class space    used 3716K, capacity 3812K, committed 3840K, reserved 1048576K
}
Event: 11.838 GC heap before
{Heap before GC invocations=17 (full 3):
 PSYoungGen      total 150528K, used 143835K [0x00000000f5580000, 0x0000000100000000, 0x0000000100000000)
  eden space 140800K, 100% used [0x00000000f5580000,0x00000000fdf00000,0x00000000fdf00000)
  from space 9728K, 31% used [0x00000000ff680000,0x00000000ff976cb8,0x0000000100000000)
  to   space 16896K, 0% used [0x00000000fdf00000,0x00000000fdf00000,0x00000000fef80000)
 ParOldGen       total 34304K, used 34112K [0x00000000e0000000, 0x00000000e2180000, 0x00000000f5580000)
  object space 34304K, 99% used [0x00000000e0000000,0x00000000e2150178,0x00000000e2180000)
 Metaspace       used 32855K, capacity 33348K, committed 33664K, reserved 1079296K
  class space    used 4061K, capacity 4190K, committed 4224K, reserved 1048576K
Event: 12.047 GC heap after
Heap after GC invocations=17 (full 3):
 PSYoungGen      total 150528K, used 8120K [0x00000000f5580000, 0x0000000100000000, 0x0000000100000000)
  eden space 140800K, 5% used [0x00000000f5580000,0x00000000f5d6e028,0x00000000fdf00000)
  from space 9728K, 0% used [0x00000000ff680000,0x00000000ff680000,0x0000000100000000)
  to   space 16896K, 0% used [0x00000000fdf00000,0x00000000fdf00000,0x00000000fef80000)
 ParOldGen       total 34304K, used 34243K [0x00000000e0000000, 0x00000000e2180000, 0x00000000f5580000)
  object space 34304K, 99% used [0x00000000e0000000,0x00000000e2170dc8,0x00000000e2180000)
 Metaspace       used 32855K, capacity 33348K, committed 33664K, reserved 1079296K
  class space    used 4061K, capacity 4190K, committed 4224K, reserved 1048576K
}
Event: 13.542 GC heap before
{Heap before GC invocations=18 (full 4):
 PSYoungGen      total 150528K, used 140800K [0x00000000f5580000, 0x0000000100000000, 0x0000000100000000)
  eden space 140800K, 100% used [0x00000000f5580000,0x00000000fdf00000,0x00000000fdf00000)
  from space 9728K, 0% used [0x00000000ff680000,0x00000000ff680000,0x0000000100000000)
  to   space 16896K, 0% used [0x00000000fdf00000,0x00000000fdf00000,0x00000000fef80000)
 ParOldGen       total 34304K, used 34243K [0x00000000e0000000, 0x00000000e2180000, 0x00000000f5580000)
  object space 34304K, 99% used [0x00000000e0000000,0x00000000e2170dc8,0x00000000e2180000)
 Metaspace       used 37219K, capacity 37724K, committed 38144K, reserved 1083392K
  class space    used 4638K, capacity 4770K, committed 4864K, reserved 1048576K
Event: 13.715 GC heap after
Heap after GC invocations=18 (full 4):
 PSYoungGen      total 150528K, used 24214K [0x00000000f5580000, 0x0000000100000000, 0x0000000100000000)
  eden space 140800K, 17% used [0x00000000f5580000,0x00000000f6d258b0,0x00000000fdf00000)
  from space 9728K, 0% used [0x00000000ff680000,0x00000000ff680000,0x0000000100000000)
  to   space 16896K, 0% used [0x00000000fdf00000,0x00000000fdf00000,0x00000000fef80000)
 ParOldGen       total 34304K, used 34082K [0x00000000e0000000, 0x00000000e2180000, 0x00000000f5580000)
  object space 34304K, 99% used [0x00000000e0000000,0x00000000e2148880,0x00000000e2180000)
 Metaspace       used 37219K, capacity 37724K, committed 38144K, reserved 1083392K
  class space    used 4638K, capacity 4770K, committed 4864K, reserved 1048576K
}
Event: 14.577 GC heap before
{Heap before GC invocations=19 (full 5):
 PSYoungGen      total 150528K, used 140800K [0x00000000f5580000, 0x0000000100000000, 0x0000000100000000)
  eden space 140800K, 100% used [0x00000000f5580000,0x00000000fdf00000,0x00000000fdf00000)
  from space 9728K, 0% used [0x00000000ff680000,0x00000000ff680000,0x0000000100000000)
  to   space 16896K, 0% used [0x00000000fdf00000,0x00000000fdf00000,0x00000000fef80000)
 ParOldGen       total 34304K, used 34082K [0x00000000e0000000, 0x00000000e2180000, 0x00000000f5580000)
  object space 34304K, 99% used [0x00000000e0000000,0x00000000e2148880,0x00000000e2180000)
 Metaspace       used 40820K, capacity 41302K, committed 41472K, reserved 1085440K
  class space    used 5196K, capacity 5357K, committed 5376K, reserved 1048576K
Event: 14.793 GC heap after
Heap after GC invocations=19 (full 5):
 PSYoungGen      total 150528K, used 12344K [0x00000000f5580000, 0x0000000100000000, 0x0000000100000000)
  eden space 140800K, 8% used [0x00000000f5580000,0x00000000f618e1b8,0x00000000fdf00000)
  from space 9728K, 0% used [0x00000000ff680000,0x00000000ff680000,0x0000000100000000)
  to   space 16896K, 0% used [0x00000000fdf00000,0x00000000fdf00000,0x00000000fef80000)
 ParOldGen       total 34304K, used 34063K [0x00000000e0000000, 0x00000000e2180000, 0x00000000f5580000)
  object space 34304K, 99% used [0x00000000e0000000,0x00000000e2143df8,0x00000000e2180000)
 Metaspace       used 40820K, capacity 41302K, committed 41472K, reserved 1085440K
  class space    used 5196K, capacity 5357K, committed 5376K, reserved 1048576K
}

Deoptimization events (10 events):
Event: 16.132 Thread 0x000000001653e800 Uncommon trap: reason=unstable_if action=reinterpret pc=0x0000000002a5ec34 method=sun.nio.cs.UTF_8$Decoder.isNotContinuation(I)Z @ 8
Event: 16.282 Thread 0x000000001653e800 Uncommon trap: reason=unstable_if action=reinterpret pc=0x0000000002f38760 method=java.util.TreeMap.put(Ljava/lang/Object;Ljava/lang/Object;)Ljava/lang/Object; @ 163
Event: 16.363 Thread 0x000000001653e800 Uncommon trap: reason=unstable_if action=reinterpret pc=0x0000000002471b60 method=java.net.URI.match(CJJ)Z @ 45
Event: 16.375 Thread 0x000000001653e800 Uncommon trap: reason=class_check action=maybe_recompile pc=0x0000000002fcaca0 method=sun.nio.cs.ThreadLocalCoders$1.hasName(Ljava/lang/Object;Ljava/lang/Object;)Z @ 1
Event: 16.375 Thread 0x000000001653e800 Uncommon trap: reason=class_check action=maybe_recompile pc=0x0000000002fcaca0 method=sun.nio.cs.ThreadLocalCoders$1.hasName(Ljava/lang/Object;Ljava/lang/Object;)Z @ 1
Event: 16.375 Thread 0x000000001653e800 Uncommon trap: reason=class_check action=maybe_recompile pc=0x0000000002fcaca0 method=sun.nio.cs.ThreadLocalCoders$1.hasName(Ljava/lang/Object;Ljava/lang/Object;)Z @ 1
Event: 16.378 Thread 0x000000001653e800 Uncommon trap: reason=class_check action=maybe_recompile pc=0x0000000002fcaca0 method=sun.nio.cs.ThreadLocalCoders$1.hasName(Ljava/lang/Object;Ljava/lang/Object;)Z @ 1
Event: 16.495 Thread 0x000000001653e800 Uncommon trap: reason=unstable_if action=reinterpret pc=0x0000000003013258 method=sun.nio.cs.US_ASCII$Decoder.decode([BII[C)I @ 27
Event: 16.504 Thread 0x000000001653e800 Uncommon trap: reason=unstable_if action=reinterpret pc=0x00000000024df550 method=java.net.URI.match(CJJ)Z @ 45
Event: 16.511 Thread 0x000000001653e800 Uncommon trap: reason=unstable_if action=reinterpret pc=0x0000000002ed4b10 method=java.net.URI.match(CJJ)Z @ 45

Internal exceptions (10 events):
Event: 15.092 Thread 0x000000001653e800 Exception <a 'java/lang/ClassNotFoundException': java/lang/ObjectCustomizer> (0x00000000f73fde68) thrown at [C:\re\workspace\8-2-build-windows-amd64-cygwin\jdk8u91\6644\hotspot\src\share\vm\classfile\systemDictionary.cpp, line 210]
Event: 15.093 Thread 0x000000001653e800 Exception <a 'java/lang/ClassNotFoundException': org/springframework/orm/jpa/vendor/AbstractJpaVendorAdapterCustomizer> (0x00000000f7427b18) thrown at [C:\re\workspace\8-2-build-windows-amd64-cygwin\jdk8u91\6644\hotspot\src\share\vm\classfile\systemDictionº!|ÞC0.@
Event: 15.094 Thread 0x000000001653e800 Exception <a 'java/lang/ClassNotFoundException': org/springframework/orm/jpa/vendor/HibernateJpaVendorAdapterCustomizer> (0x00000000f745baa0) thrown at [C:\re\workspace\8-2-build-windows-amd64-cygwin\jdk8u91\6644\hotspot\src\share\vm\classfile\systemDictio«â2±1.@
Event: 15.097 Thread 0x000000001653e800 Exception <a 'java/lang/ClassNotFoundException': java/lang/ObjectCustomizer> (0x00000000f74a06f8) thrown at [C:\re\workspace\8-2-build-windows-amd64-cygwin\jdk8u91\6644\hotspot\src\share\vm\classfile\systemDictionary.cpp, line 210]
Event: 15.098 Thread 0x000000001653e800 Exception <a 'java/lang/ClassNotFoundException': org/springframework/boot/orm/jpa/EntityManagerFactoryBuilderCustomizer> (0x00000000f74c97f0) thrown at [C:\re\workspace\8-2-build-windows-amd64-cygwin\jdk8u91\6644\hotspot\src\share\vm\classfile\systemDictioÇÆr;.@
Event: 15.115 Thread 0x000000001653e800 Exception <a 'java/lang/ClassNotFoundException': java/lang/ObjectCustomizer> (0x00000000f758cbd0) thrown at [C:\re\workspace\8-2-build-windows-amd64-cygwin\jdk8u91\6644\hotspot\src\share\vm\classfile\systemDictionary.cpp, line 210]
Event: 15.116 Thread 0x000000001653e800 Exception <a 'java/lang/ClassNotFoundException': org/springframework/orm/jpa/AbstractEntityManagerFactoryBeanCustomizer> (0x00000000f75b5c78) thrown at [C:\re\workspace\8-2-build-windows-amd64-cygwin\jdk8u91\6644\hotspot\src\share\vm\classfile\systemDictio
Event: 15.123 Thread 0x000000001653e800 Exception <a 'java/lang/ClassNotFoundException': org/springframework/orm/jpa/LocalContainerEntityManagerFactoryBeanCustomizer> (0x00000000f7609aa0) thrown at [C:\re\workspace\8-2-build-windows-amd64-cygwin\jdk8u91\6644\hotspot\src\share\vm\classfile\systemëX
Event: 16.073 Thread 0x000000001653e800 Implicit null exception at 0x000000000270a815 to 0x000000000270aa31
Event: 16.578 Thread 0x000000001653e800 Exception <a 'java/lang/NullPointerException'> (0x00000000fa2fd480) thrown at [C:\re\workspace\8-2-build-windows-amd64-cygwin\jdk8u91\6644\hotspot\src\share\vm\runtime\reflection.cpp, line 922]

Events (10 events):
Event: 16.726 loading class org/hibernate/cfg/annotations/TableBinder
Event: 16.726 loading class org/hibernate/cfg/annotations/TableBinder done
Event: 16.728 loading class org/hibernate/internal/CoreMessageLogger_$logger_es_ES
Event: 16.728 loading class org/hibernate/internal/CoreMessageLogger_$logger_es_ES done
Event: 16.728 loading class org/hibernate/internal/CoreMessageLogger_$logger_es
Event: 16.728 loading class org/hibernate/internal/CoreMessageLogger_$logger_es done
Event: 16.729 loading class org/hibernate/annotations/DiscriminatorFormula
Event: 16.729 loading class org/hibernate/annotations/DiscriminatorFormula done
Event: 16.729 loading class org/hibernate/cfg/Ejb3DiscriminatorColumn
Event: 16.729 loading class org/hibernate/cfg/Ejb3DiscriminatorColumn done


Dynamic libraries:
0x00007ff6a7c30000 - 0x00007ff6a7c67000 	C:\Program Files\Java\jre1.8.0_91\bin\javaw.exe
0x00007ffe17c20000 - 0x00007ffe17de1000 	C:\Windows\SYSTEM32\ntdll.dll
0x00007ffe17290000 - 0x00007ffe1733d000 	C:\Windows\system32\KERNEL32.DLL
0x00007ffe14cf0000 - 0x00007ffe14ed8000 	C:\Windows\system32\KERNELBASE.dll
0x00007ffe167d0000 - 0x00007ffe16877000 	C:\Windows\system32\ADVAPI32.dll
0x00007ffe16730000 - 0x00007ffe167cd000 	C:\Windows\system32\msvcrt.dll
0x00007ffe15170000 - 0x00007ffe151cb000 	C:\Windows\system32\sechost.dll
0x00007ffe17090000 - 0x00007ffe171ac000 	C:\Windows\system32\RPCRT4.dll
0x00007ffe177d0000 - 0x00007ffe17926000 	C:\Windows\system32\USER32.dll
0x00007ffe16ef0000 - 0x00007ffe17076000 	C:\Windows\system32\GDI32.dll
0x00007ffe0ae60000 - 0x00007ffe0b0d4000 	C:\Windows\WinSxS\amd64_microsoft.windows.common-controls_6595b64144ccf1df_6.0.10586.0_none_8c15ae12515e1c22\COMCTL32.dll
0x00007ffe16990000 - 0x00007ffe16c0d000 	C:\Windows\system32\combase.dll
0x00007ffe14f00000 - 0x00007ffe14f6a000 	C:\Windows\system32\bcryptPrimitives.dll
0x00007ffe16cf0000 - 0x00007ffe16d2b000 	C:\Windows\system32\IMM32.DLL
0x000000005e2a0000 - 0x000000005e372000 	C:\Program Files\Java\jre1.8.0_91\bin\msvcr100.dll
0x0000000060b60000 - 0x00000000613f3000 	C:\Program Files\Java\jre1.8.0_91\bin\server\jvm.dll
0x00007ffe17950000 - 0x00007ffe17958000 	C:\Windows\system32\PSAPI.DLL
0x00007ffdff940000 - 0x00007ffdff949000 	C:\Windows\SYSTEM32\WSOCK32.dll
0x00007ffe16c10000 - 0x00007ffe16c7b000 	C:\Windows\system32\WS2_32.dll
0x00007ffe12210000 - 0x00007ffe12233000 	C:\Windows\SYSTEM32\WINMM.dll
0x00007ffe12e80000 - 0x00007ffe12e8a000 	C:\Windows\SYSTEM32\VERSION.dll
0x00007ffe121b0000 - 0x00007ffe121dc000 	C:\Windows\SYSTEM32\WINMMBASE.dll
0x00007ffe14f70000 - 0x00007ffe14fb3000 	C:\Windows\system32\cfgmgr32.dll
0x0000000060a70000 - 0x0000000060a7f000 	C:\Program Files\Java\jre1.8.0_91\bin\verify.dll
0x0000000060a40000 - 0x0000000060a69000 	C:\Program Files\Java\jre1.8.0_91\bin\java.dll
0x0000000060a20000 - 0x0000000060a36000 	C:\Program Files\Java\jre1.8.0_91\bin\zip.dll
0x00007ffe151d0000 - 0x00007ffe1672c000 	C:\Windows\system32\SHELL32.dll
0x00007ffe146a0000 - 0x00007ffe14ce5000 	C:\Windows\system32\windows.storage.dll
0x00007ffe17340000 - 0x00007ffe17392000 	C:\Windows\system32\shlwapi.dll
0x00007ffe142c0000 - 0x00007ffe142cf000 	C:\Windows\system32\kernel.appcore.dll
0x00007ffe14380000 - 0x00007ffe14435000 	C:\Windows\system32\shcore.dll
0x00007ffe14240000 - 0x00007ffe1428b000 	C:\Windows\system32\powrprof.dll
0x00007ffe142a0000 - 0x00007ffe142b4000 	C:\Windows\system32\profapi.dll
0x000000005e290000 - 0x000000005e29d000 	C:\Program Files\Java\jre1.8.0_91\bin\management.dll
0x0000000060a00000 - 0x0000000060a1a000 	C:\Program Files\Java\jre1.8.0_91\bin\net.dll
0x0000000180000000 - 0x000000018006d000 	C:\Windows\system32\LavasoftTcpService64.dll
0x00007ffe15020000 - 0x00007ffe15163000 	C:\Windows\system32\ole32.dll
0x00007ffe171c0000 - 0x00007ffe17281000 	C:\Windows\system32\OLEAUT32.dll
0x00007ffe13b10000 - 0x00007ffe13b6c000 	C:\Windows\SYSTEM32\MSWSOCK.dll
0x00007ffe12e90000 - 0x00007ffe12ec8000 	C:\Windows\SYSTEM32\IPHLPAPI.DLL
0x00007ffe13ec0000 - 0x00007ffe13eed000 	C:\Windows\SYSTEM32\SspiCli.dll
0x00000000609e0000 - 0x00000000609f1000 	C:\Program Files\Java\jre1.8.0_91\bin\nio.dll
0x00007ffe129f0000 - 0x00007ffe12a86000 	C:\Windows\system32\uxtheme.dll
0x00007ffe05d80000 - 0x00007ffe05d96000 	C:\Windows\system32\napinsp.dll
0x00007ffe05d60000 - 0x00007ffe05d7a000 	C:\Windows\system32\pnrpnsp.dll
0x00007ffe110d0000 - 0x00007ffe110e8000 	C:\Windows\system32\NLAapi.dll
0x00007ffe12910000 - 0x00007ffe129ba000 	C:\Windows\SYSTEM32\DNSAPI.dll
0x00007ffe17080000 - 0x00007ffe17088000 	C:\Windows\system32\NSI.dll
0x00007ffe05d50000 - 0x00007ffe05d5d000 	C:\Windows\System32\winrnr.dll
0x00007ffe04220000 - 0x00007ffe04235000 	C:\Windows\System32\wshbth.dll
0x00007ffe0a920000 - 0x00007ffe0a92a000 	C:\Windows\System32\rasadhlp.dll
0x00007ffe0db30000 - 0x00007ffe0db97000 	C:\Windows\System32\fwpuclnt.dll
0x00007ffe14170000 - 0x00007ffe14199000 	C:\Windows\SYSTEM32\bcrypt.dll
0x00007ffe16880000 - 0x00007ffe16927000 	C:\Windows\system32\clbcatq.dll
0x00007ffe14070000 - 0x00007ffe14109000 	C:\Windows\SYSTEM32\sxs.dll
0x00007ffe13bc0000 - 0x00007ffe13bd7000 	C:\Windows\SYSTEM32\CRYPTSP.dll
0x00007ffe13850000 - 0x00007ffe13884000 	C:\Windows\system32\rsaenh.dll
0x00007ffe139a0000 - 0x00007ffe139bf000 	C:\Windows\SYSTEM32\USERENV.dll
0x00007ffe13ce0000 - 0x00007ffe13ceb000 	C:\Windows\SYSTEM32\CRYPTBASE.dll
0x00007ffe0e190000 - 0x00007ffe0e1a6000 	C:\Windows\SYSTEM32\dhcpcsvc6.DLL
0x00007ffe0dfb0000 - 0x00007ffe0dfca000 	C:\Windows\SYSTEM32\dhcpcsvc.DLL

VM Arguments:
jvm_args: -Dcom.sun.management.jmxremote -Dcom.sun.management.jmxremote.port=54528 -Dcom.sun.management.jmxremote.authenticate=false -Dcom.sun.management.jmxremote.ssl=false -Dspring.liveBeansView.mbeanDomain -Dspring.application.admin.enabled=true -Dfile.encoding=UTF-8 
java_command: es.uniovi.asw.Application --spring.output.ansi.enabled=always
java_class_path (initial): C:\Users\Lucas García\Desktop\DEMO\Voting_4a\VoteCounting_4a\target\classes;C:\Users\Lucas García\.m2\repository\org\springframework\boot\spring-boot-starter-web\1.3.3.RELEASE\spring-boot-starter-web-1.3.3.RELEASE.jar;C:\Users\Lucas García\.m2\repository\org\springframework\boot\spring-boot-starter\1.3.3.RELEASE\spring-boot-starter-1.3.3.RELEASE.jar;C:\Users\Lucas García\.m2\repository\org\springframework\boot\spring-boot-starter-logging\1.3.3.RELEASE\spring-boot-starter-logging-1.3.3.RELEASE.jar;C:\Users\Lucas García\.m2\repository\ch\qos\logback\logback-classic\1.1.5\logback-classic-1.1.5.jar;C:\Users\Lucas García\.m2\repository\ch\qos\logback\logback-core\1.1.5\logback-core-1.1.5.jar;C:\Users\Lucas García\.m2\repository\org\slf4j\jul-to-slf4j\1.7.16\jul-to-slf4j-1.7.16.jar;C:\Users\Lucas García\.m2\repository\org\slf4j\log4j-over-slf4j\1.7.16\log4j-over-slf4j-1.7.16.jar;C:\Users\Lucas García\.m2\repository\org\yaml\snakeyaml\1.16\snakeyaml-1.16.jar;C:\Users\Lucas García\.m2\repository\org\springframework\boot\spring-boot-starter-tomcat\1.3.3.RELEASE\spring-boot-starter-tomcat-1.3.3.RELEASE.jar;C:\Users\Lucas García\.m2\repository\org\apache\tomcat\embed\tomcat-embed-logging-juli\8.0.32\tomcat-embed-logging-juli-8.0.32.jar;C:\Users\Lucas García\.m2\repository\org\apache\tomcat\embed\tomcat-embed-websocket\8.0.32\tomcat-embed-websocket-8.0.32.jar;C:\Users\Lucas García\.m2\repository\org\springframework\boot\spring-boot-starter-validation\1.3.3.RELEASE\spring-boot-starter-validation-1.3.3.RELEASE.jar;C:\Users\Lucas García\.m2\repository\org\hibernate\hibernate-validator\5.2.4.Final\hibernate-validator-5.2.4.Final.jar;C:\Users\Lucas García\.m2\repository\javax\validation\validation-api\1.1.0.Final\validation-api-1.1.0.Final.jar;C:\Users\Lucas García\.m2\repository\com\fasterxml\classmate\1.1.0\classmate-1.1.0.jar;C:\Users\Lucas García\.m2\repository\com\fasterxml\jackson\core\jackson-databind\2.6.5\jackson-databind-2.6.5.jar;C:\Users\Luca
Launcher Type: SUN_STANDARD

Environment Variables:
JAVA_HOME=C:\Program Files\Java\jdk1.8.0_77
PATH=C:/Program Files/Java/jre1.8.0_91/bin/server;C:/Program Files/Java/jre1.8.0_91/bin;C:/Program Files/Java/jre1.8.0_91/lib/amd64;C:\Program Files (x86)\Parallels\Parallels Tools\Applications;C:\ProgramData\Oracle\Java\javapath;C:\Program Files (x86)\Intel\iCLS Client\;C:\Program Files\Intel\iCLS Client\;C:\Windows\system32;C:\Windows;C:\Windows\System32\Wbem;C:\Windows\System32\WindowsPowerShell\v1.0\;C:\Program Files\Intel\Intel(R) Management Engine Components\DAL;C:\Program Files (x86)\Intel\Intel(R) Management Engine Components\DAL;C:\Program Files\Intel\Intel(R) Management Engine Components\IPT;C:\Program Files (x86)\Intel\Intel(R) Management Engine Components\IPT;C:\Program Files\Java\jdk1.8.0_77\bin;C:\Program Files\Java\apache-maven-3.3.9\bin;C:\Program Files\Git\cmd;C:\Program Files\sts-bundle\sts-3.7.3.RELEASE;
USERNAME=Lucas García
OS=Windows_NT
PROCESSOR_IDENTIFIER=Intel64 Family 6 Model 58 Stepping 9, GenuineIntel



---------------  S Y S T E M  ---------------

OS: Windows 10.0 , 64 bit Build 10586 (10.0.10586.0)

CPU:total 2 (2 cores per cpu, 1 threads per core) family 6 model 58 stepping 9, cmov, cx8, fxsr, mmx, sse, sse2, sse3, ssse3, sse4.1, sse4.2, popcnt, avx, aes, clmul, erms, tsc

Memory: 4k page, physical 2096676k(196724k free), swap 3918960k(5416k free)

vm_info: Java HotSpot(TM) 64-Bit Server VM (25.91-b14) for windows-amd64 JRE (1.8.0_91-b14), built on Apr  1 2016 00:58:32 by "java_re" with MS VC++ 10.0 (VS2010)

time: Thu May 05 02:29:06 2016
elapsed time: 16 seconds (0d 0h 0m 16s)

